<?xml version="1.0" encoding="UTF-8"?>
<beans xmlns="http://www.springframework.org/schema/beans"
	xmlns:xsi="http://www.w3.org/2001/XMLSchema-instance"
	   xmlns:util="http://www.springframework.org/schema/util"

	   xsi:schemaLocation="
     http://www.springframework.org/schema/beans http://www.springframework.org/schema/beans/spring-beans.xsd
     http://www.springframework.org/schema/util  http://www.springframework.org/schema/util/spring-util.xsd">

    <bean name="embeddedProvider" class="com.stardog.ext.spring.EmbeddedProvider" />
	<bean name="serverProvider" class="com.stardog.ext.spring.ServerProvider" />

	<bean name="dataSource" class="com.stardog.ext.spring.DataSourceFactoryBean">
		<property name="to" value="testdb"/>
		<property name="url" value="http://localhost:5820"/>
		<property name="provider" ref="serverProvider"/>
		<property name="username" value="admin"/>
		<property name="password" value="admin"/>
	</bean>

	<bean name="template" class="com.stardog.ext.spring.SnarlTemplate">
		<property name="dataSource" ref="dataSource"/>
	</bean>
	
	<bean name="importer" class="com.stardog.ext.spring.DataImporter">
		<property name="snarlTemplate" ref="template"/>
		<property name="format">
			<util:constant static-field="com.stardog.stark.io.RDFFormats.N3"/>
		</property>
		<property name="inputFiles">
			<list>
				<value>classpath:sp2b_10k.n3</value>
			</list>
		</property>
	</bean>
	
</beans>
